<?xml version="1.0" encoding="UTF-8"?>
<testsuite xmlns:xsi="http://www.w3.org/2001/XMLSchema-instance" xsi:noNamespaceSchemaLocation="https://maven.apache.org/surefire/maven-surefire-plugin/xsd/surefire-test-report-3.0.xsd" version="3.0" name="com.example.datacrawlerservice.DataCrawlerServiceApplicationTests" time="8.212" tests="1" errors="0" skipped="0" failures="0">
  <properties>
[...]
</properties>
  <testcase name="contextLoads" classname="com.example.datacrawlerservice.DataCrawlerServiceApplicationTests" time="0.75">
    <system-out><![CDATA[22:16:41.125 [main] INFO org.springframework.test.context.support.AnnotationConfigContextLoaderUtils -- Could not detect default configuration classes for test class [com.example.datacrawlerservice.DataCrawlerServiceApplicationTests]: DataCrawlerServiceApplicationTests does not declare any static, non-private, non-final, nested classes annotated with @Configuration.
22:16:41.251 [main] INFO org.springframework.boot.test.context.SpringBootTestContextBootstrapper -- Found @SpringBootConfiguration com.example.datacrawlerservice.DataCrawlerServiceApplication for test class com.example.datacrawlerservice.DataCrawlerServiceApplicationTests
 _       _                                      _
     | |     | |                                    | |
   __| | __ _| |_ __ _ ______ ___ _ __ __ ___      _| | ___ _ __
  / _` |/ _` | __/ _` |______/ __| '__/ _` \ \ /\ / / |/ _ \ '__|
 | (_| | (_| | || (_| |     | (__| | | (_| |\ V  V /| |  __/ |
  \__,_|\__,_|\__\__,_|      \___|_|  \__,_| \_/\_/ |_|\___|_|


 
Powered by Spring Boot 3.1.0



2023-06-02T22:16:41.804+03:00  INFO 31870 --- [           main] c.e.d.DataCrawlerServiceApplicationTests : Starting DataCrawlerServiceApplicationTests using Java 20.0.1 with PID 31870 (started by daniilsergeev in /Users/daniilsergeev/IdeaProjects/data-crawler-service)
2023-06-02T22:16:41.813+03:00  INFO 31870 --- [           main] c.e.d.DataCrawlerServiceApplicationTests : No active profile set, falling back to 1 default profile: "default"
2023-06-02T22:16:43.070+03:00  INFO 31870 --- [           main] .s.d.r.c.RepositoryConfigurationDelegate : Bootstrapping Spring Data JPA repositories in DEFAULT mode.
2023-06-02T22:16:43.207+03:00  INFO 31870 --- [           main] .s.d.r.c.RepositoryConfigurationDelegate : Finished Spring Data repository scanning in 128 ms. Found 2 JPA repository interfaces.
2023-06-02T22:16:43.949+03:00  INFO 31870 --- [           main] o.hibernate.jpa.internal.util.LogHelper  : HHH000204: Processing PersistenceUnitInfo [name: default]
2023-06-02T22:16:43.999+03:00  INFO 31870 --- [           main] org.hibernate.Version                    : HHH000412: Hibernate ORM core version 6.2.2.Final
2023-06-02T22:16:44.002+03:00  INFO 31870 --- [           main] org.hibernate.cfg.Environment            : HHH000406: Using bytecode reflection optimizer
2023-06-02T22:16:44.148+03:00  INFO 31870 --- [           main] o.h.b.i.BytecodeProviderInitiator        : HHH000021: Bytecode provider name : bytebuddy
2023-06-02T22:16:44.262+03:00  INFO 31870 --- [           main] o.s.o.j.p.SpringPersistenceUnitInfo      : No LoadTimeWeaver setup: ignoring JPA class transformer
2023-06-02T22:16:44.278+03:00  INFO 31870 --- [           main] com.zaxxer.hikari.HikariDataSource       : HikariPool-1 - Starting...
2023-06-02T22:16:44.657+03:00  INFO 31870 --- [           main] com.zaxxer.hikari.pool.HikariPool        : HikariPool-1 - Added connection org.postgresql.jdbc.PgConnection@4cc12db2
2023-06-02T22:16:44.663+03:00  INFO 31870 --- [           main] com.zaxxer.hikari.HikariDataSource       : HikariPool-1 - Start completed.
2023-06-02T22:16:44.709+03:00  INFO 31870 --- [           main] org.hibernate.orm.dialect                : HHH035001: Using dialect: org.hibernate.dialect.PostgreSQLDialect, version: org.hibernate.engine.jdbc.env.internal.JdbcEnvironmentInitiator$DialectResolutionInfoImpl@255d9277
2023-06-02T22:16:45.014+03:00  INFO 31870 --- [           main] o.h.b.i.BytecodeProviderInitiator        : HHH000021: Bytecode provider name : bytebuddy
2023-06-02T22:16:45.741+03:00  INFO 31870 --- [           main] o.h.e.t.j.p.i.JtaPlatformInitiator       : HHH000490: Using JtaPlatform implementation: [org.hibernate.engine.transaction.jta.platform.internal.NoJtaPlatform]
Hibernate: 
    alter table if exists crawl 
       alter column date set data type timestamp(6) with time zone
Hibernate: 
    alter table if exists phone 
       alter column brand set data type VARCHAR(30)
Hibernate: 
    alter table if exists report 
       alter column in_stock_factor set data type float4
2023-06-02T22:16:45.855+03:00  INFO 31870 --- [           main] j.LocalContainerEntityManagerFactoryBean : Initialized JPA EntityManagerFactory for persistence unit 'default'
2023-06-02T22:16:46.488+03:00  WARN 31870 --- [           main] JpaBaseConfiguration$JpaWebConfiguration : spring.jpa.open-in-view is enabled by default. Therefore, database queries may be performed during view rendering. Explicitly configure spring.jpa.open-in-view to disable this warning
2023-06-02T22:16:48.242+03:00  INFO 31870 --- [           main] c.e.d.DataCrawlerServiceApplicationTests : Started DataCrawlerServiceApplicationTests in 6.83 seconds (process running for 8.118)
]]></system-out>
  </testcase>
</testsuite>